0 info it worked if it ends with ok
1 verbose cli [ '/usr/bin/nodejs', '/usr/bin/npm', 'install', 'bamboo.js' ]
2 info using npm@1.3.10
3 info using node@v0.10.25
4 warn package.json bamboo_app@1.0.0 No repository field.
5 warn package.json bamboo_app@1.0.0 No README data
6 verbose readDependencies using package.json deps
7 verbose cache add [ 'bamboo.js', null ]
8 verbose cache add name=undefined spec="bamboo.js" args=["bamboo.js",null]
9 verbose parsed url { protocol: null,
9 verbose parsed url   slashes: null,
9 verbose parsed url   auth: null,
9 verbose parsed url   host: null,
9 verbose parsed url   port: null,
9 verbose parsed url   hostname: null,
9 verbose parsed url   hash: null,
9 verbose parsed url   search: null,
9 verbose parsed url   query: null,
9 verbose parsed url   pathname: 'bamboo.js',
9 verbose parsed url   path: 'bamboo.js',
9 verbose parsed url   href: 'bamboo.js' }
10 silly lockFile f34d3fcf-bamboo-js bamboo.js
11 verbose lock bamboo.js /home/osboxes/.npm/f34d3fcf-bamboo-js.lock
12 verbose chmod /home/osboxes/tmp/npm-25170-fhPpdS5o/1509274594698-0.38403269718401134/tmp.tgz 644
13 verbose tar unpack /home/osboxes/tmp/npm-25170-fhPpdS5o/1509274594698-0.38403269718401134/tmp.tgz
14 silly lockFile e16c40f3-4698-0-38403269718401134-package tar:///home/osboxes/tmp/npm-25170-fhPpdS5o/1509274594698-0.38403269718401134/package
15 verbose lock tar:///home/osboxes/tmp/npm-25170-fhPpdS5o/1509274594698-0.38403269718401134/package /home/osboxes/.npm/e16c40f3-4698-0-38403269718401134-package.lock
16 silly lockFile 7d67f08b-4698-0-38403269718401134-tmp-tgz tar:///home/osboxes/tmp/npm-25170-fhPpdS5o/1509274594698-0.38403269718401134/tmp.tgz
17 verbose lock tar:///home/osboxes/tmp/npm-25170-fhPpdS5o/1509274594698-0.38403269718401134/tmp.tgz /home/osboxes/.npm/7d67f08b-4698-0-38403269718401134-tmp-tgz.lock
18 silly gunzTarPerm modes [ '755', '644' ]
19 error not a package /home/osboxes/tmp/npm-25170-fhPpdS5o/1509274594698-0.38403269718401134/tmp.tgz
20 silly lockFile e16c40f3-4698-0-38403269718401134-package tar:///home/osboxes/tmp/npm-25170-fhPpdS5o/1509274594698-0.38403269718401134/package
21 silly lockFile e16c40f3-4698-0-38403269718401134-package tar:///home/osboxes/tmp/npm-25170-fhPpdS5o/1509274594698-0.38403269718401134/package
22 silly lockFile 7d67f08b-4698-0-38403269718401134-tmp-tgz tar:///home/osboxes/tmp/npm-25170-fhPpdS5o/1509274594698-0.38403269718401134/tmp.tgz
23 silly lockFile 7d67f08b-4698-0-38403269718401134-tmp-tgz tar:///home/osboxes/tmp/npm-25170-fhPpdS5o/1509274594698-0.38403269718401134/tmp.tgz
24 silly lockFile f34d3fcf-bamboo-js bamboo.js
25 silly lockFile f34d3fcf-bamboo-js bamboo.js
26 verbose addNamed [ 'bamboo.js', '' ]
27 verbose addNamed [ null, '*' ]
28 silly lockFile 768fc835-bamboo-js bamboo.js@
29 verbose lock bamboo.js@ /home/osboxes/.npm/768fc835-bamboo-js.lock
30 silly addNameRange { name: 'bamboo.js', range: '*', hasData: false }
31 verbose url raw bamboo.js
32 verbose url resolving [ 'https://registry.npmjs.org/', './bamboo.js' ]
33 verbose url resolved https://registry.npmjs.org/bamboo.js
34 info trying registry request attempt 1 at 12:56:34
35 http GET https://registry.npmjs.org/bamboo.js
36 http 404 https://registry.npmjs.org/bamboo.js
37 silly registry.get cb [ 404,
37 silly registry.get   { 'content-type': 'application/json',
37 silly registry.get     'cache-control': 'max-age=0',
37 silly registry.get     'content-length': '2',
37 silly registry.get     'accept-ranges': 'bytes',
37 silly registry.get     date: 'Sun, 29 Oct 2017 10:56:35 GMT',
37 silly registry.get     via: '1.1 varnish',
37 silly registry.get     age: '0',
37 silly registry.get     connection: 'keep-alive',
37 silly registry.get     'x-served-by': 'cache-hhn1532-HHN',
37 silly registry.get     'x-cache': 'MISS',
37 silly registry.get     'x-cache-hits': '0',
37 silly registry.get     'x-timer': 'S1509274595.382247,VS0,VE416',
37 silly registry.get     vary: 'Accept-Encoding' } ]
38 silly addNameRange number 2 { name: 'bamboo.js', range: '*', hasData: true }
39 silly addNameRange versions [ undefined, [] ]
40 error TypeError: Cannot read property 'latest' of undefined
40 error     at next (/usr/share/npm/lib/cache.js:687:35)
40 error     at /usr/share/npm/lib/cache.js:675:5
40 error     at saved (/usr/share/npm/node_modules/npm-registry-client/lib/get.js:142:7)
40 error     at /usr/lib/nodejs/graceful-fs/polyfills.js:133:7
40 error     at Object.oncomplete (fs.js:107:15)
41 error If you need help, you may report this log at:
41 error     <http://github.com/isaacs/npm/issues>
41 error or email it to:
41 error     <npm-@googlegroups.com>
42 error System Linux 4.4.0-31-generic
43 error command "/usr/bin/nodejs" "/usr/bin/npm" "install" "bamboo.js"
44 error cwd /home/osboxes/projects/moises-bigpanda/roles/bamboo/files/bamboo-app
45 error node -v v0.10.25
46 error npm -v 1.3.10
47 error type non_object_property_load
48 verbose exit [ 1, true ]
